<?xml version="1.0" encoding="UTF-8"?>
<testsuite xmlns:xsi="http://www.w3.org/2001/XMLSchema-instance" xsi:noNamespaceSchemaLocation="https://maven.apache.org/surefire/maven-surefire-plugin/xsd/surefire-test-report.xsd" name="com.m2i.formation.AppTest" time="0.063" tests="1" errors="0" skipped="0" failures="0">
  <properties>
    <property name="sun.desktop" value="windows"/>
    <property name="awt.toolkit" value="sun.awt.windows.WToolkit"/>
    <property name="java.specification.version" value="11"/>
    <property name="sun.cpu.isalist" value="amd64"/>
    <property name="sun.jnu.encoding" value="Cp1252"/>
    <property name="java.class.path" value="D:\CoursJavaEECDA\formation\target\test-classes;D:\CoursJavaEECDA\formation\target\classes;C:\Users\Marko\.m2\repository\mysql\mysql-connector-java\8.0.23\mysql-connector-java-8.0.23.jar;C:\Users\Marko\.m2\repository\com\google\protobuf\protobuf-java\3.11.4\protobuf-java-3.11.4.jar;C:\Users\Marko\.m2\repository\junit\junit\4.11\junit-4.11.jar;C:\Users\Marko\.m2\repository\org\hamcrest\hamcrest-core\1.3\hamcrest-core-1.3.jar;"/>
    <property name="java.vm.vendor" value="AdoptOpenJDK"/>
    <property name="sun.arch.data.model" value="64"/>
    <property name="user.variant" value=""/>
    <property name="java.vendor.url" value="https://adoptopenjdk.net/"/>
    <property name="user.timezone" value="Europe/Paris"/>
    <property name="user.country.format" value="FR"/>
    <property name="java.vm.specification.version" value="11"/>
    <property name="os.name" value="Windows 10"/>
    <property name="sun.java.launcher" value="SUN_STANDARD"/>
    <property name="user.country" value="US"/>
    <property name="sun.boot.library.path" value="D:\bin"/>
    <property name="sun.java.command" value="C:\Users\Marko\AppData\Local\Temp\surefire5931710642255411804\surefirebooter15863601251013909432.jar C:\Users\Marko\AppData\Local\Temp\surefire5931710642255411804 2021-02-25T16-42-36_980-jvmRun1 surefire7622459808918285116tmp surefire_012544200054067729523tmp"/>
    <property name="jdk.debug" value="release"/>
    <property name="surefire.test.class.path" value="D:\CoursJavaEECDA\formation\target\test-classes;D:\CoursJavaEECDA\formation\target\classes;C:\Users\Marko\.m2\repository\mysql\mysql-connector-java\8.0.23\mysql-connector-java-8.0.23.jar;C:\Users\Marko\.m2\repository\com\google\protobuf\protobuf-java\3.11.4\protobuf-java-3.11.4.jar;C:\Users\Marko\.m2\repository\junit\junit\4.11\junit-4.11.jar;C:\Users\Marko\.m2\repository\org\hamcrest\hamcrest-core\1.3\hamcrest-core-1.3.jar;"/>
    <property name="sun.cpu.endian" value="little"/>
    <property name="user.home" value="C:\Users\Marko"/>
    <property name="user.language" value="en"/>
    <property name="java.specification.vendor" value="Oracle Corporation"/>
    <property name="java.version.date" value="2021-01-19"/>
    <property name="java.home" value="D:"/>
    <property name="file.separator" value="\"/>
    <property name="basedir" value="D:\CoursJavaEECDA\formation"/>
    <property name="java.vm.compressedOopsMode" value="32-bit"/>
    <property name="line.separator" value="&#10;"/>
    <property name="java.specification.name" value="Java Platform API Specification"/>
    <property name="java.vm.specification.vendor" value="Oracle Corporation"/>
    <property name="java.awt.graphicsenv" value="sun.awt.Win32GraphicsEnvironment"/>
    <property name="surefire.real.class.path" value="C:\Users\Marko\AppData\Local\Temp\surefire5931710642255411804\surefirebooter15863601251013909432.jar"/>
    <property name="user.script" value=""/>
    <property name="sun.management.compiler" value="HotSpot 64-Bit Tiered Compilers"/>
    <property name="java.runtime.version" value="11.0.10+9"/>
    <property name="user.name" value="Marko"/>
    <property name="path.separator" value=";"/>
    <property name="os.version" value="10.0"/>
    <property name="java.runtime.name" value="OpenJDK Runtime Environment"/>
    <property name="file.encoding" value="Cp1252"/>
    <property name="java.vm.name" value="OpenJDK 64-Bit Server VM"/>
    <property name="java.vendor.version" value="AdoptOpenJDK"/>
    <property name="localRepository" value="C:\Users\Marko\.m2\repository"/>
    <property name="java.vendor.url.bug" value="https://github.com/AdoptOpenJDK/openjdk-support/issues"/>
    <property name="java.io.tmpdir" value="C:\Users\Marko\AppData\Local\Temp\"/>
    <property name="java.version" value="11.0.10"/>
    <property name="user.dir" value="D:\CoursJavaEECDA\formation"/>
    <property name="os.arch" value="amd64"/>
    <property name="java.vm.specification.name" value="Java Virtual Machine Specification"/>
    <property name="java.awt.printerjob" value="sun.awt.windows.WPrinterJob"/>
    <property name="user.language.format" value="fr"/>
    <property name="sun.os.patch.level" value=""/>
    <property name="java.library.path" value="D:\bin;C:\WINDOWS\Sun\Java\bin;C:\WINDOWS\system32;C:\WINDOWS;C:/Program Files/Java/jdk-14.0.1/bin/server;C:/Program Files/Java/jdk-14.0.1/bin;D:\bin;C:\Program Files (x86)\Common Files\Oracle\Java\javapath;D:\\bin;C:\Program Files (x86)\Java\jdk1.8.0_66\bin;C:\Program Files (x86)\Java\jdk1.8.0_66\jre\bin;C:\WINDOWS\system32;C:\WINDOWS;C:\WINDOWS\System32\Wbem;C:\WINDOWS\System32\WindowsPowerShell\v1.0\;C:\WINDOWS\System32\OpenSSH\;D:\mongodb-win32-x86_64-2012plus-4.2.6\bin;C:\Program Files\MySQL\MySQL Server 8.0\bin;C:\Program Files\Git\cmd;C:\Program Files (x86)\Yarn\bin\;C:\Program Files\nodejs\;D:\xampp\php;C:\ProgramData\ComposerSetup\bin;D:\Symfony;C:\Program Files\emacs-26.3-x86_64\bin;C:\Ruby26-x64\bin;C:\Users\Marko\AppData\Local\Microsoft\WindowsApps;C:\Users\Marko\AppData\Local\Programs\Microsoft VS Code\bin;C:\Users\Marko\AppData\Local\atom\bin;C:\Program Files\apache-maven-3.6.3\bin;C:\Users\Marko\AppData\Local\Microsoft\WindowsApps;C:\Users\Marko\AppData\Local\GitHubDesktop\bin;C:\Users\Marko\AppData\Local\Yarn\bin;C:\Users\Marko\AppData\Roaming\npm;C:\Users\Marko\AppData\Roaming\Composer\vendor\bin;D:\eclipse;;."/>
    <property name="java.vm.info" value="mixed mode"/>
    <property name="java.vendor" value="AdoptOpenJDK"/>
    <property name="java.vm.version" value="11.0.10+9"/>
    <property name="sun.io.unicode.encoding" value="UnicodeLittle"/>
    <property name="java.class.version" value="55.0"/>
  </properties>
  <testcase name="shouldAnswerWithTrue" classname="com.m2i.formation.AppTest" time="0.005"/>
</testsuite>